生成启动时间为 2015/9/7 18:03:02。
     1>项目“D:\Changda_SoftRenderer\SoftRenderer\SoftRenderer.vcxproj”在节点 2 上(Build 个目标)。
     1>ClCompile:
         F:\Program Files (x86)\Microsoft Visual Studio 12.0\VC\bin\CL.exe /c /I"F:\Program Files (x86)\Visual Leak Detector\include" /ZI /nologo /W3 /WX- /sdl /Od /Oy- /D WIN32 /D _DEBUG /D _WINDOWS /D _UNICODE /D UNICODE /Gm /EHsc /RTC1 /MDd /GS /fp:precise /Zc:wchar_t /Zc:forScope /Yu"stdafx.h" /Fp"Debug\SoftRenderer.pch" /Fo"Debug\\" /Fd"Debug\vc120.pdb" /Gd /TP /analyze- /errorReport:prompt RenderList.cpp
         RenderList.cpp
     1>d:\changda_softrenderer\softrenderer\colourvalue.h(58): warning C4172: 返回局部变量或临时变量的地址
     1>d:\changda_softrenderer\softrenderer\renderlist.cpp(377): warning C4101: “r_base”: 未引用的局部变量
     1>d:\changda_softrenderer\softrenderer\renderlist.cpp(377): warning C4101: “b_base”: 未引用的局部变量
     1>d:\changda_softrenderer\softrenderer\renderlist.cpp(377): warning C4101: “g_base”: 未引用的局部变量
     1>d:\changda_softrenderer\softrenderer\renderlist.cpp(470): warning C4244: “初始化”: 从“double”转换到“float”，可能丢失数据
     1>d:\changda_softrenderer\softrenderer\renderlist.cpp(471): warning C4244: “初始化”: 从“double”转换到“float”，可能丢失数据
       Link:
         F:\Program Files (x86)\Microsoft Visual Studio 12.0\VC\bin\link.exe /ERRORREPORT:PROMPT /OUT:"D:\Changda_SoftRenderer\Debug\SoftRenderer.exe" /INCREMENTAL /NOLOGO /LIBPATH:"F:\Program Files (x86)\Visual Leak Detector\lib\Win32" kernel32.lib user32.lib gdi32.lib winspool.lib comdlg32.lib advapi32.lib shell32.lib ole32.lib oleaut32.lib uuid.lib odbc32.lib odbccp32.lib /MANIFEST /MANIFESTUAC:"level='asInvoker' uiAccess='false'" /manifest:embed /DEBUG /PDB:"D:\Changda_SoftRenderer\Debug\SoftRenderer.pdb" /SUBSYSTEM:WINDOWS /TLBID:1 /DYNAMICBASE /NXCOMPAT /IMPLIB:"D:\Changda_SoftRenderer\Debug\SoftRenderer.lib" /MACHINE:X86 Debug\SoftRenderer.res
         Debug\BitMap.obj
         Debug\Camera.obj
         Debug\ColourValue.obj
         Debug\GameObject.obj
         Debug\Light.obj
         Debug\Matrix3.obj
         Debug\Matrix4.obj
         Debug\Polygon.obj
         Debug\Quaternion.obj
         Debug\Renderer.obj
         Debug\RenderList.obj
         Debug\SoftRenderer.obj
         Debug\stdafx.obj
         Debug\Vector2.obj
         Debug\Vector3.obj
         Debug\Vector4.obj
         Debug\Vertex.obj
         SoftRenderer.vcxproj -> D:\Changda_SoftRenderer\Debug\SoftRenderer.exe
     1>已完成生成项目“D:\Changda_SoftRenderer\SoftRenderer\SoftRenderer.vcxproj”(Build 个目标)的操作。

生成成功。

已用时间 00:00:00.38
