d:\softrenderer\softrenderer\debug\softrenderer.pch
d:\softrenderer\softrenderer\debug\vc120.pdb
d:\softrenderer\softrenderer\debug\vc120.idb
d:\softrenderer\softrenderer\debug\stdafx.obj
d:\softrenderer\softrenderer\debug\bitmap.obj
d:\softrenderer\softrenderer\debug\camera.obj
d:\softrenderer\softrenderer\debug\colourvalue.obj
d:\softrenderer\softrenderer\debug\gameobject.obj
d:\softrenderer\softrenderer\debug\light.obj
d:\softrenderer\softrenderer\debug\matrix3.obj
d:\softrenderer\softrenderer\debug\matrix4.obj
d:\softrenderer\softrenderer\debug\polygon.obj
d:\softrenderer\softrenderer\debug\quaternion.obj
d:\softrenderer\softrenderer\debug\renderer.obj
d:\softrenderer\softrenderer\debug\vector2.obj
d:\softrenderer\softrenderer\debug\vector3.obj
d:\softrenderer\softrenderer\debug\vector4.obj
d:\softrenderer\softrenderer\debug\vertex.obj
d:\softrenderer\softrenderer\debug\softrenderer.obj
d:\softrenderer_test\softrenderer\debug\softrenderer.pch
d:\softrenderer_test\softrenderer\debug\vc120.pdb
d:\softrenderer_test\softrenderer\debug\vc120.idb
d:\softrenderer_test\softrenderer\debug\stdafx.obj
d:\softrenderer_test\softrenderer\debug\bitmap.obj
d:\softrenderer_test\softrenderer\debug\camera.obj
d:\softrenderer_test\softrenderer\debug\colourvalue.obj
d:\softrenderer_test\softrenderer\debug\gameobject.obj
d:\softrenderer_test\softrenderer\debug\light.obj
d:\softrenderer_test\softrenderer\debug\matrix3.obj
d:\softrenderer_test\softrenderer\debug\matrix4.obj
d:\softrenderer_test\softrenderer\debug\polygon.obj
d:\softrenderer_test\softrenderer\debug\quaternion.obj
d:\softrenderer_test\softrenderer\debug\renderer.obj
d:\softrenderer_test\softrenderer\debug\renderlist.obj
d:\softrenderer_test\softrenderer\debug\softrenderer.obj
d:\softrenderer_test\softrenderer\debug\vector2.obj
d:\softrenderer_test\softrenderer\debug\vector3.obj
d:\softrenderer_test\softrenderer\debug\vector4.obj
d:\softrenderer_test\softrenderer\debug\vertex.obj
d:\softrenderer\debug\softrenderer.ilk
d:\softrenderer\debug\softrenderer.exe
d:\softrenderer\debug\softrenderer.pdb
d:\softrenderer_test\debug\softrenderer.ilk
d:\softrenderer_test\debug\softrenderer.exe
d:\softrenderer_test\debug\softrenderer.pdb
d:\softrenderer\softrenderer\debug\softrenderer.res
d:\softrenderer_test\softrenderer\debug\softrenderer.res
d:\changda_softrenderer\softrenderer\debug\bitmap.obj
d:\changda_softrenderer\softrenderer\debug\camera.obj
d:\changda_softrenderer\softrenderer\debug\colourvalue.obj
d:\changda_softrenderer\softrenderer\debug\gameobject.obj
d:\changda_softrenderer\softrenderer\debug\light.obj
d:\changda_softrenderer\softrenderer\debug\matrix3.obj
d:\changda_softrenderer\softrenderer\debug\matrix4.obj
d:\changda_softrenderer\softrenderer\debug\polygon.obj
d:\changda_softrenderer\softrenderer\debug\quaternion.obj
d:\changda_softrenderer\softrenderer\debug\renderer.obj
d:\changda_softrenderer\softrenderer\debug\renderlist.obj
d:\changda_softrenderer\softrenderer\debug\softrenderer.obj
d:\changda_softrenderer\softrenderer\debug\stdafx.obj
d:\changda_softrenderer\softrenderer\debug\vector2.obj
d:\changda_softrenderer\softrenderer\debug\vector3.obj
d:\changda_softrenderer\softrenderer\debug\vector4.obj
d:\changda_softrenderer\softrenderer\debug\vertex.obj
d:\changda_softrenderer\softrenderer\debug\softrenderer.res
d:\changda_softrenderer\softrenderer\debug\softrenderer.pch
d:\changda_softrenderer\softrenderer\debug\vc120.idb
d:\changda_softrenderer\softrenderer\debug\vc120.pdb
d:\changda_softrenderer\debug\softrenderer.pdb
d:\changda_softrenderer\debug\softrenderer.exe
d:\changda_softrenderer\debug\softrenderer.ilk
d:\changda_softrenderer\softrenderer\debug\softrenderer.tlog\cl.command.1.tlog
d:\changda_softrenderer\softrenderer\debug\softrenderer.tlog\cl.read.1.tlog
d:\changda_softrenderer\softrenderer\debug\softrenderer.tlog\cl.write.1.tlog
d:\changda_softrenderer\softrenderer\debug\softrenderer.tlog\link.command.1.tlog
d:\changda_softrenderer\softrenderer\debug\softrenderer.tlog\link.read.1.tlog
d:\changda_softrenderer\softrenderer\debug\softrenderer.tlog\link.write.1.tlog
d:\changda_softrenderer\softrenderer\debug\softrenderer.tlog\rc.command.1.tlog
d:\changda_softrenderer\softrenderer\debug\softrenderer.tlog\rc.read.1.tlog
d:\changda_softrenderer\softrenderer\debug\softrenderer.tlog\rc.write.1.tlog
